2021-01-27 14:19:58,678 util.Log4JUtil                        INFO  - ****** JMRI log ******* [main]
2021-01-27 14:19:58,854 util.Log4JUtil                        INFO  - This log is appended to file: /home/banerjia/JMRI Layouts/log/messages.log [main]
2021-01-27 14:19:58,858 util.Log4JUtil                        INFO  - This log is stored in file: /home/banerjia/JMRI Layouts/log/session.log [main]
2021-01-27 14:19:58,901 apps.AppsBase                         INFO  - DecoderPro version 4.20+Rc7ba8249b starts under Java 11.0.9.1 on Linux amd64 v5.8.0-40-generic at Wed Jan 27 14:19:58 EST 2021 [main]
2021-01-27 14:20:05,299 gui3.Apps3                            INFO  - Starting with profile Learning_JMRI_with_Git.3dfac2ff [main]
2021-01-27 14:20:05,505 node.NodeIdentity                     INFO  - Using fea2ba7a-6b32-445d-a93f-f2b10799dc69 as the JMRI storage identity for profile id 3dfac2ff [AWT-EventQueue-0]
2021-01-27 14:20:05,507 managers.JmriUserPreferencesManager   INFO  - No saved user preferences file [AWT-EventQueue-0]
2021-01-27 14:20:05,562 jmrix.ConnectionConfigManager         INFO  - No local configuration found. [main]
2021-01-27 14:20:16,316 swing.JmriJTablePersistenceManager    INFO  - Table preferences not found.
This is expected on the first time the "Learning JMRI with Git" profile is used on this computer. [main]
2021-01-27 14:20:16,415 util.FileUtilSupport                  INFO  - File path program: is /home/banerjia/JMRI/ [main]
2021-01-27 14:20:16,416 util.FileUtilSupport                  INFO  - File path preference: is /home/banerjia/JMRI Layouts/Learning JMRI/Learning_JMRI.jmri/ [main]
2021-01-27 14:20:16,417 util.FileUtilSupport                  INFO  - File path profile: is /home/banerjia/JMRI Layouts/Learning JMRI/Learning_JMRI_with_Git.jmri/ [main]
2021-01-27 14:20:16,417 util.FileUtilSupport                  INFO  - File path settings: is /home/banerjia/JMRI Layouts/ [main]
2021-01-27 14:20:16,418 util.FileUtilSupport                  INFO  - File path home: is /home/banerjia/ [main]
2021-01-27 14:20:16,418 util.FileUtilSupport                  INFO  - File path scripts: is /home/banerjia/JMRI Layouts/jpython/ [main]
2021-01-27 14:20:23,412 managers.DefaultShutDownManager       INFO  - Normal termination complete [AWT-EventQueue-0]
2021-01-27 14:22:15,092 util.Log4JUtil                        INFO  - ****** JMRI log ******* [main]
2021-01-27 14:22:15,238 util.Log4JUtil                        INFO  - This log is appended to file: /home/banerjia/JMRI Layouts/log/messages.log [main]
2021-01-27 14:22:15,244 util.Log4JUtil                        INFO  - This log is stored in file: /home/banerjia/JMRI Layouts/log/session.log [main]
2021-01-27 14:22:15,267 apps.AppsBase                         INFO  - DecoderPro version 4.20+Rc7ba8249b starts under Java 11.0.9.1 on Linux amd64 v5.8.0-40-generic at Wed Jan 27 14:22:15 EST 2021 [main]
2021-01-27 14:22:18,266 gui3.Apps3                            INFO  - Starting with profile Learning_JMRI_with_Git.3dfac2ff [main]
2021-01-27 14:22:18,414 node.NodeIdentity                     INFO  - Using fea2ba7a-6b32-445d-a93f-f2b10799dc69 as the JMRI storage identity for profile id 3dfac2ff [AWT-EventQueue-0]
2021-01-27 14:22:18,578 jmrix.ConnectionConfigManager         INFO  - No local configuration found. [main]
2021-01-27 14:22:28,869 swing.JmriJTablePersistenceManager    INFO  - Table preferences not found.
This is expected on the first time the "Learning JMRI with Git" profile is used on this computer. [main]
2021-01-27 14:22:29,570 util.FileUtilSupport                  INFO  - File path program: is /home/banerjia/JMRI/ [main]
2021-01-27 14:22:29,574 util.FileUtilSupport                  INFO  - File path preference: is /home/banerjia/JMRI Layouts/Learning JMRI/Learning_JMRI.jmri/ [main]
2021-01-27 14:22:29,577 util.FileUtilSupport                  INFO  - File path profile: is /home/banerjia/JMRI Layouts/Learning JMRI/Learning_JMRI_with_Git.jmri/ [main]
2021-01-27 14:22:29,578 util.FileUtilSupport                  INFO  - File path settings: is /home/banerjia/JMRI Layouts/ [main]
2021-01-27 14:22:29,582 util.FileUtilSupport                  INFO  - File path home: is /home/banerjia/ [main]
2021-01-27 14:22:29,583 util.FileUtilSupport                  INFO  - File path scripts: is /home/banerjia/JMRI Layouts/jpython/ [main]
2021-01-27 14:23:05,033 managers.DefaultShutDownManager       INFO  - Normal termination complete [AWT-EventQueue-0]
2021-01-27 14:23:06,204 util.Log4JUtil                        INFO  - ****** JMRI log ******* [main]
2021-01-27 14:23:06,362 util.Log4JUtil                        INFO  - This log is appended to file: /home/banerjia/JMRI Layouts/log/messages.log [main]
2021-01-27 14:23:06,367 util.Log4JUtil                        INFO  - This log is stored in file: /home/banerjia/JMRI Layouts/log/session.log [main]
2021-01-27 14:23:06,391 apps.AppsBase                         INFO  - DecoderPro version 4.20+Rc7ba8249b starts under Java 11.0.9.1 on Linux amd64 v5.8.0-40-generic at Wed Jan 27 14:23:06 EST 2021 [main]
2021-01-27 14:23:09,737 gui3.Apps3                            INFO  - Starting with profile Learning_JMRI_with_Git.3dfac2ff [main]
2021-01-27 14:23:09,879 node.NodeIdentity                     INFO  - Using fea2ba7a-6b32-445d-a93f-f2b10799dc69 as the JMRI storage identity for profile id 3dfac2ff [AWT-EventQueue-0]
2021-01-27 14:23:20,277 xml.AbstractSerialConnectionConfigXml INFO  - Starting to connect for "C/MRI" [main]
2021-01-27 14:23:20,946 util.FileUtilSupport                  INFO  - File path program: is /home/banerjia/JMRI/ [main]
2021-01-27 14:23:20,951 util.FileUtilSupport                  INFO  - File path preference: is /home/banerjia/JMRI Layouts/Learning JMRI/Learning_JMRI.jmri/ [main]
2021-01-27 14:23:20,952 util.FileUtilSupport                  INFO  - File path profile: is /home/banerjia/JMRI Layouts/Learning JMRI/Learning_JMRI_with_Git.jmri/ [main]
2021-01-27 14:23:20,955 util.FileUtilSupport                  INFO  - File path settings: is /home/banerjia/JMRI Layouts/ [main]
2021-01-27 14:23:20,955 util.FileUtilSupport                  INFO  - File path home: is /home/banerjia/ [main]
2021-01-27 14:23:20,956 util.FileUtilSupport                  INFO  - File path scripts: is /home/banerjia/JMRI Layouts/jpython/ [main]
2021-01-27 14:23:30,914 managers.DefaultShutDownManager       INFO  - Normal termination complete [AWT-EventQueue-0]
2021-01-27 14:25:17,532 util.Log4JUtil                        INFO  - ****** JMRI log ******* [main]
2021-01-27 14:25:17,735 util.Log4JUtil                        INFO  - This log is appended to file: /home/banerjia/JMRI Layouts/log/messages.log [main]
2021-01-27 14:25:17,753 util.Log4JUtil                        INFO  - This log is stored in file: /home/banerjia/JMRI Layouts/log/session.log [main]
2021-01-27 14:25:17,793 apps.Apps                             INFO  - PanelPro version 4.20+Rc7ba8249b starts under Java 11.0.9.1 on Linux amd64 v5.8.0-40-generic at Wed Jan 27 14:25:17 EST 2021 [main]
2021-01-27 14:25:20,521 apps.Apps                             INFO  - Starting with profile Learning_JMRI_with_Git.3dfac2ff [main]
2021-01-27 14:25:20,676 node.NodeIdentity                     INFO  - Using fea2ba7a-6b32-445d-a93f-f2b10799dc69 as the JMRI storage identity for profile id 3dfac2ff [AWT-EventQueue-0]
2021-01-27 14:25:30,978 xml.AbstractSerialConnectionConfigXml INFO  - Starting to connect for "C/MRI" [main]
2021-01-27 14:25:31,748 util.FileUtilSupport                  INFO  - File path program: is /home/banerjia/JMRI/ [main]
2021-01-27 14:25:31,750 util.FileUtilSupport                  INFO  - File path preference: is /home/banerjia/JMRI Layouts/Learning JMRI/Learning_JMRI.jmri/ [main]
2021-01-27 14:25:31,751 util.FileUtilSupport                  INFO  - File path profile: is /home/banerjia/JMRI Layouts/Learning JMRI/Learning_JMRI_with_Git.jmri/ [main]
2021-01-27 14:25:31,751 util.FileUtilSupport                  INFO  - File path settings: is /home/banerjia/JMRI Layouts/ [main]
2021-01-27 14:25:31,752 util.FileUtilSupport                  INFO  - File path home: is /home/banerjia/ [main]
2021-01-27 14:25:31,753 util.FileUtilSupport                  INFO  - File path scripts: is /home/banerjia/JMRI Layouts/jpython/ [main]
2021-01-27 14:25:33,481 PanelPro.PanelPro                     INFO  - Main initialization done [main]
2021-01-27 14:25:39,434 managers.DefaultShutDownManager       INFO  - Normal termination complete [AWT-EventQueue-0]
